<?xml version="1.0" encoding="UTF-8"?>
<!-- Generated by org.testng.reporters.JUnitReportReporter -->
<testsuite hostname="PRANITH" name="com.GRID.OrangeHRM_LogInTest" tests="2" failures="0" timestamp="14 Jun 2019 08:07:29 GMT" time="27.441" errors="0">
  <testcase name="logIn" time="7.979" classname="com.GRID.OrangeHRM_LogInTest"/>
  <testcase name="logIn" time="19.462" classname="com.GRID.OrangeHRM_LogInTest"/>
</testsuite> <!-- com.GRID.OrangeHRM_LogInTest -->
