<?xml version="1.0" encoding="UTF-8"?>
<!-- Generated by org.testng.reporters.JUnitReportReporter -->
<testsuite hostname="PRANITH" name="com.OrangeHRM.LogIn" tests="1" failures="0" timestamp="17 Jun 2019 09:12:05 GMT" time="1.783" errors="0">
  <testcase name="login" time="1.783" classname="com.OrangeHRM.LogIn"/>
</testsuite> <!-- com.OrangeHRM.LogIn -->
