<?xml version="1.0" encoding="UTF-8"?>
<!-- Generated by org.testng.reporters.JUnitReportReporter -->
<testsuite hostname="PRANITH" name="com.DataDriven.NewToursLogInTest" tests="1" failures="0" timestamp="7 Jun 2019 13:09:52 GMT" time="36.245" errors="0">
  <testcase name="logIn" time="36.245" classname="com.DataDriven.NewToursLogInTest"/>
</testsuite> <!-- com.DataDriven.NewToursLogInTest -->
