<?xml version="1.0" encoding="UTF-8"?>
<!-- Generated by org.testng.reporters.JUnitReportReporter -->
<testsuite hostname="PRANITH" name="com.TestNG.Annotation1" tests="4" failures="0" timestamp="3 Jun 2019 10:05:07 GMT" time="0.016" errors="0">
  <testcase name="draft" time="0.000" classname="com.TestNG.Annotation1"/>
  <testcase name="composeMail" time="0.000" classname="com.TestNG.Annotation1"/>
  <testcase name="applicationLaunch" time="0.016" classname="com.TestNG.Annotation1"/>
  <testcase name="logIn" time="0.000" classname="com.TestNG.Annotation1"/>
</testsuite> <!-- com.TestNG.Annotation1 -->
