<?xml version="1.0" encoding="UTF-8"?>
<!-- Generated by org.testng.reporters.JUnitReportReporter -->
<testsuite hostname="PRANITH" name="com.TestNG.Annotation3" tests="1" failures="0" timestamp="3 Jun 2019 11:27:18 GMT" time="0.016" errors="0">
  <testcase name="composeMail" time="0.016" classname="com.TestNG.Annotation3"/>
</testsuite> <!-- com.TestNG.Annotation3 -->
