<?xml version="1.0" encoding="UTF-8"?>
<!-- Generated by org.testng.reporters.JUnitReportReporter -->
<testsuite hostname="PRANITH" name="com.KeywordDriven.NewToursLogInTest" tests="1" failures="0" timestamp="7 Jun 2019 06:42:26 GMT" time="122.257" errors="0">
  <testcase name="login" time="122.257" classname="com.KeywordDriven.NewToursLogInTest"/>
</testsuite> <!-- com.KeywordDriven.NewToursLogInTest -->
