<?xml version="1.0" encoding="UTF-8"?>
<!-- Generated by org.testng.reporters.JUnitReportReporter -->
<testsuite hostname="PRANITH" name="com.TestNG.Annotation2" tests="1" failures="0" timestamp="3 Jun 2019 12:29:01 GMT" time="0.000" errors="0">
  <testcase name="draft" time="0.000" classname="com.TestNG.Annotation2"/>
</testsuite> <!-- com.TestNG.Annotation2 -->
