<?xml version="1.0" encoding="UTF-8"?>
<!-- Generated by org.testng.reporters.JUnitReportReporter -->
<testsuite hostname="PRANITH" name="com.DataDriven.NewToursRegisterModelMultiDataTest" tests="2" failures="0" timestamp="7 Jun 2019 13:09:52 GMT" time="164.310" errors="0">
  <testcase name="registerLinkTest" time="1.006" classname="com.DataDriven.NewToursRegisterModelMultiDataTest"/>
  <testcase name="registerationTest" time="163.304" classname="com.DataDriven.NewToursRegisterModelMultiDataTest"/>
</testsuite> <!-- com.DataDriven.NewToursRegisterModelMultiDataTest -->
